# JRE version: Java(TM) SE Runtime Environment (9.0+11) (build 9.0.4+11)
# Java VM: Java HotSpot(TM) 64-Bit Server VM (9.0.4+11, mixed mode, tiered, compressed oops, g1 gc, windows-amd64)
Heap:
 garbage-first heap   total 224256K, used 139712K [0x0000000700000000, 0x00000007001006d8, 0x00000007c0000000)
  region size 1024K, 59 young (60416K), 2 survivors (2048K)
 Metaspace       used 76529K, capacity 79236K, committed 82864K, reserved 1120256K
  class space    used 10137K, capacity 10668K, committed 11440K, reserved 1048576K
GC Heap History (10 events):
Event: 9091.094 GC heap before
{Heap before GC invocations=247 (full 7):
 garbage-first heap   total 224256K, used 140855K [0x0000000700000000, 0x00000007001006d8, 0x00000007c0000000)
  region size 1024K, 60 young (61440K), 3 survivors (3072K)
 Metaspace       used 76526K, capacity 79172K, committed 82864K, reserved 1120256K
  class space    used 10137K, capacity 10668K, committed 11440K, reserved 1048576K
}
Event: 9091.106 GC heap after
{Heap after GC invocations=248 (full 7):
 garbage-first heap   total 224256K, used 82478K [0x0000000700000000, 0x00000007001006d8, 0x00000007c0000000)
  region size 1024K, 3 young (3072K), 3 survivors (3072K)
 Metaspace       used 76526K, capacity 79172K, committed 82864K, reserved 1120256K
  class space    used 10137K, capacity 10668K, committed 11440K, reserved 1048576K
}
Event: 9123.168 GC heap before
{Heap before GC invocations=248 (full 7):
 garbage-first heap   total 224256K, used 140846K [0x0000000700000000, 0x00000007001006d8, 0x00000007c0000000)
  region size 1024K, 60 young (61440K), 3 survivors (3072K)
 Metaspace       used 76527K, capacity 79172K, committed 82864K, reserved 1120256K
  class space    used 10137K, capacity 10668K, committed 11440K, reserved 1048576K
}
Event: 9123.177 GC heap after
{Heap after GC invocations=249 (full 7):
 garbage-first heap   total 224256K, used 82555K [0x0000000700000000, 0x00000007001006d8, 0x00000007c0000000)
  region size 1024K, 3 young (3072K), 3 survivors (3072K)
 Metaspace       used 76527K, capacity 79172K, committed 82864K, reserved 1120256K
  class space    used 10137K, capacity 10668K, committed 11440K, reserved 1048576K
}
Event: 9157.594 GC heap before
{Heap before GC invocations=249 (full 7):
 garbage-first heap   total 224256K, used 140923K [0x0000000700000000, 0x00000007001006d8, 0x00000007c0000000)
  region size 1024K, 60 young (61440K), 3 survivors (3072K)
 Metaspace       used 76529K, capacity 79236K, committed 82864K, reserved 1120256K
  class space    used 10137K, capacity 10668K, committed 11440K, reserved 1048576K
}
Event: 9157.609 GC heap after
{Heap after GC invocations=250 (full 7):
 garbage-first heap   total 224256K, used 82338K [0x0000000700000000, 0x00000007001006d8, 0x00000007c0000000)
  region size 1024K, 2 young (2048K), 2 survivors (2048K)
 Metaspace       used 76529K, capacity 79236K, committed 82864K, reserved 1120256K
  class space    used 10137K, capacity 10668K, committed 11440K, reserved 1048576K
}
Event: 9182.291 GC heap before
{Heap before GC invocations=250 (full 7):
 garbage-first heap   total 224256K, used 141730K [0x0000000700000000, 0x00000007001006d8, 0x00000007c0000000)
  region size 1024K, 60 young (61440K), 2 survivors (2048K)
 Metaspace       used 76529K, capacity 79236K, committed 82864K, reserved 1120256K
  class space    used 10137K, capacity 10668K, committed 11440K, reserved 1048576K
}
Event: 9182.302 GC heap after
{Heap after GC invocations=251 (full 7):
 garbage-first heap   total 224256K, used 82363K [0x0000000700000000, 0x00000007001006d8, 0x00000007c0000000)
  region size 1024K, 2 young (2048K), 2 survivors (2048K)
 Metaspace       used 76529K, capacity 79236K, committed 82864K, reserved 1120256K
  class space    used 10137K, capacity 10668K, committed 11440K, reserved 1048576K
}
Event: 9217.281 GC heap before
{Heap before GC invocations=251 (full 7):
 garbage-first heap   total 224256K, used 141755K [0x0000000700000000, 0x00000007001006d8, 0x00000007c0000000)
  region size 1024K, 60 young (61440K), 2 survivors (2048K)
 Metaspace       used 76529K, capacity 79236K, committed 82864K, reserved 1120256K
  class space    used 10137K, capacity 10668K, committed 11440K, reserved 1048576K
}
Event: 9217.295 GC heap after
{Heap after GC invocations=252 (full 7):
 garbage-first heap   total 224256K, used 82368K [0x0000000700000000, 0x00000007001006d8, 0x00000007c0000000)
  region size 1024K, 2 young (2048K), 2 survivors (2048K)
 Metaspace       used 76529K, capacity 79236K, committed 82864K, reserved 1120256K
  class space    used 10137K, capacity 10668K, committed 11440K, reserved 1048576K
}

